Base path: 'C:/Program Files/Unity/Hub/Editor/2019.3.13f1/Editor/Data', plugins path 'C:/Program Files/Unity/Hub/Editor/2019.3.13f1/Editor/Data/PlaybackEngines'
Cmd: initializeCompiler
Cmd: preprocess
  insize=27762 outsize=1737 ok=1
Cmd: preprocess
  insize=811 outsize=209 ok=1
Cmd: preprocess
  insize=28679 outsize=1735 ok=1
Cmd: preprocess
  insize=811 outsize=209 ok=1
Cmd: preprocess
  insize=3815 outsize=401 ok=1
Cmd: preprocess
  insize=811 outsize=209 ok=1
Cmd: preprocess
  insize=3689 outsize=359 ok=1
Cmd: preprocess
  insize=811 outsize=209 ok=1
Cmd: preprocess
  insize=26652 outsize=1596 ok=1
Cmd: compileSnippet
  api=4 type=0 insize=8636 outsize=1026 kw=UNITY_PASS_SHADOWCASTER pd=UNITY_ENABLE_REFLECTION_BUFFERS UNITY_USE_DITHER_MASK_FOR_ALPHABLENDED_SHADOWS UNITY_PBS_USE_BRDF1 UNITY_SPECCUBE_BOX_PROJECTION UNITY_SPECCUBE_BLENDING UNITY_ENABLE_DETAIL_NORMALMAP SHADER_API_DESKTOP UNITY_COLORSPACE_GAMMA UNITY_LIGHT_PROBE_PROXY_VOLUME UNITY_LIGHTMAP_FULL_HDR ok=1
Cmd: preprocess
  insize=811 outsize=209 ok=1
Cmd: preprocess
  insize=811 outsize=209 ok=1
Cmd: preprocess
  insize=811 outsize=209 ok=1
Cmd: preprocess
  insize=811 outsize=209 ok=1
Cmd: preprocess
  insize=811 outsize=209 ok=1
Cmd: preprocess
  insize=811 outsize=209 ok=1
Cmd: preprocess
  insize=811 outsize=209 ok=1
Cmd: preprocess
  insize=811 outsize=209 ok=1
Cmd: preprocess
  insize=811 outsize=209 ok=1
Cmd: preprocess
  insize=811 outsize=209 ok=1
Cmd: preprocess
  insize=811 outsize=209 ok=1
Cmd: preprocess
  insize=811 outsize=209 ok=1
Cmd: preprocess
  insize=811 outsize=209 ok=1
Cmd: preprocess
  insize=811 outsize=209 ok=1
Cmd: preprocess
  insize=811 outsize=209 ok=1
Cmd: preprocess
  insize=811 outsize=209 ok=1
Cmd: preprocess
  insize=811 outsize=209 ok=1
Cmd: preprocess
  insize=811 outsize=209 ok=1
Cmd: preprocess
  insize=7981 outsize=493 ok=1
Cmd: preprocess
  insize=7653 outsize=493 ok=1
Cmd: preprocess
  insize=16209 outsize=990 ok=1
Cmd: preprocess
  insize=3842 outsize=499 ok=1
Cmd: preprocess
  insize=5555 outsize=496 ok=1
Cmd: preprocess
  insize=7471 outsize=492 ok=1
Cmd: preprocess
  insize=6886 outsize=493 ok=1
Cmd: preprocess
  insize=5842 outsize=489 ok=1
Cmd: preprocess
  insize=3494 outsize=490 ok=1
Cmd: preprocess
  insize=6127 outsize=489 ok=1
Cmd: preprocess
  insize=3382 outsize=492 ok=1
Cmd: preprocess
  insize=6467 outsize=493 ok=1
Cmd: preprocess
  insize=8782 outsize=488 ok=1
Cmd: preprocess
  insize=29105 outsize=1811 ok=1
Cmd: preprocess
  insize=811 outsize=209 ok=1
Cmd: preprocess
  insize=9566 outsize=851 ok=1
Cmd: preprocess
  insize=10230 outsize=851 ok=1
Cmd: preprocess
  insize=9566 outsize=851 ok=1
Cmd: preprocess
  insize=811 outsize=209 ok=1
Cmd: preprocess
  insize=4181 outsize=356 ok=1
Cmd: preprocess
  insize=4148 outsize=356 ok=1
Cmd: preprocess
  insize=4179 outsize=356 ok=1
Cmd: preprocess
  insize=811 outsize=209 ok=1
Cmd: preprocess
  insize=3426 outsize=356 ok=1
Cmd: preprocess
  insize=811 outsize=209 ok=1
Cmd: preprocess
  insize=3426 outsize=356 ok=1
Cmd: preprocess
  insize=811 outsize=209 ok=1
Cmd: preprocess
  insize=3405 outsize=356 ok=1
Cmd: preprocess
  insize=811 outsize=209 ok=1
Cmd: preprocess
  insize=3384 outsize=356 ok=1
Cmd: preprocess
  insize=811 outsize=209 ok=1
Cmd: preprocess
  insize=3666 outsize=353 ok=1
Cmd: preprocess
  insize=4445 outsize=353 ok=1
Cmd: preprocess
  insize=11112 outsize=851 ok=1
Cmd: preprocess
  insize=10984 outsize=851 ok=1
Cmd: compileSnippet
  api=4 type=0 insize=10467 outsize=802 kw= pd=UNITY_ENABLE_REFLECTION_BUFFERS UNITY_USE_DITHER_MASK_FOR_ALPHABLENDED_SHADOWS UNITY_PBS_USE_BRDF1 UNITY_SPECCUBE_BOX_PROJECTION UNITY_SPECCUBE_BLENDING UNITY_ENABLE_DETAIL_NORMALMAP SHADER_API_DESKTOP UNITY_COLORSPACE_GAMMA UNITY_LIGHT_PROBE_PROXY_VOLUME UNITY_LIGHTMAP_FULL_HDR ok=1
Cmd: compileSnippet
  api=4 type=1 insize=10467 outsize=370 kw= pd=UNITY_ENABLE_REFLECTION_BUFFERS UNITY_USE_DITHER_MASK_FOR_ALPHABLENDED_SHADOWS UNITY_PBS_USE_BRDF1 UNITY_SPECCUBE_BOX_PROJECTION UNITY_SPECCUBE_BLENDING UNITY_ENABLE_DETAIL_NORMALMAP SHADER_API_DESKTOP UNITY_COLORSPACE_GAMMA UNITY_LIGHT_PROBE_PROXY_VOLUME UNITY_LIGHTMAP_FULL_HDR ok=1
Cmd: preprocess
  insize=811 outsize=209 ok=1
Cmd: preprocess
  insize=811 outsize=209 ok=1
Cmd: preprocess
  insize=811 outsize=209 ok=1
Cmd: preprocess
  insize=811 outsize=209 ok=1
Cmd: preprocess
  insize=811 outsize=209 ok=1
Cmd: preprocess
  insize=811 outsize=209 ok=1
Cmd: preprocess
  insize=811 outsize=209 ok=1
Cmd: preprocess
  insize=3384 outsize=356 ok=1
Cmd: preprocess
  insize=3689 outsize=359 ok=1
Cmd: preprocess
  insize=11112 outsize=851 ok=1
Cmd: preprocess
  insize=4445 outsize=353 ok=1
Cmd: preprocess
  insize=3689 outsize=359 ok=1
Cmd: preprocess
  insize=4445 outsize=353 ok=1
Cmd: preprocess
  insize=11112 outsize=851 ok=1
Cmd: preprocess
  insize=811 outsize=209 ok=1
Cmd: preprocess
  insize=811 outsize=209 ok=1
Cmd: preprocess
  insize=811 outsize=209 ok=1
Cmd: preprocess
  insize=811 outsize=209 ok=1
Cmd: preprocess
  insize=811 outsize=209 ok=1
Cmd: preprocess
  insize=811 outsize=209 ok=1
Cmd: preprocess
  insize=811 outsize=209 ok=1
Cmd: preprocess
  insize=3384 outsize=356 ok=1
Cmd: preprocess
  insize=3689 outsize=359 ok=1
Cmd: preprocess
  insize=11112 outsize=851 ok=1
Cmd: preprocess
  insize=4445 outsize=353 ok=1
Cmd: preprocess
  insize=3689 outsize=359 ok=1
Cmd: preprocess
  insize=4445 outsize=353 ok=1
Cmd: preprocess
  insize=11112 outsize=851 ok=1
Cmd: preprocess
  insize=811 outsize=209 ok=1
Cmd: preprocess
  insize=811 outsize=209 ok=1
Cmd: preprocess
  insize=811 outsize=209 ok=1
Cmd: preprocess
  insize=811 outsize=209 ok=1
Cmd: preprocess
  insize=811 outsize=209 ok=1
Cmd: preprocess
  insize=811 outsize=209 ok=1
Cmd: preprocess
  insize=811 outsize=209 ok=1
Cmd: preprocess
  insize=3384 outsize=356 ok=1
Cmd: preprocess
  insize=3689 outsize=359 ok=1
Cmd: preprocess
  insize=11112 outsize=851 ok=1
Cmd: preprocess
  insize=4445 outsize=353 ok=1
Cmd: preprocess
  insize=3689 outsize=359 ok=1
Cmd: preprocess
  insize=4445 outsize=353 ok=1
Cmd: preprocess
  insize=11112 outsize=851 ok=1
Cmd: compileSnippet
  api=4 type=0 insize=10467 outsize=802 kw=ETC1_EXTERNAL_ALPHA pd=UNITY_ENABLE_REFLECTION_BUFFERS UNITY_USE_DITHER_MASK_FOR_ALPHABLENDED_SHADOWS UNITY_PBS_USE_BRDF1 UNITY_SPECCUBE_BOX_PROJECTION UNITY_SPECCUBE_BLENDING UNITY_ENABLE_DETAIL_NORMALMAP SHADER_API_DESKTOP UNITY_COLORSPACE_GAMMA UNITY_LIGHT_PROBE_PROXY_VOLUME UNITY_LIGHTMAP_FULL_HDR ok=1
Cmd: compileSnippet
  api=4 type=1 insize=10467 outsize=522 kw=ETC1_EXTERNAL_ALPHA pd=UNITY_ENABLE_REFLECTION_BUFFERS UNITY_USE_DITHER_MASK_FOR_ALPHABLENDED_SHADOWS UNITY_PBS_USE_BRDF1 UNITY_SPECCUBE_BOX_PROJECTION UNITY_SPECCUBE_BLENDING UNITY_ENABLE_DETAIL_NORMALMAP SHADER_API_DESKTOP UNITY_COLORSPACE_GAMMA UNITY_LIGHT_PROBE_PROXY_VOLUME UNITY_LIGHTMAP_FULL_HDR ok=1
Cmd: preprocess
  insize=811 outsize=209 ok=1
Cmd: preprocess
  insize=811 outsize=209 ok=1
Cmd: preprocess
  insize=811 outsize=209 ok=1
Cmd: preprocess
  insize=811 outsize=209 ok=1
Cmd: preprocess
  insize=811 outsize=209 ok=1
Cmd: preprocess
  insize=811 outsize=209 ok=1
Cmd: preprocess
  insize=811 outsize=209 ok=1
Cmd: preprocess
  insize=3384 outsize=356 ok=1
Cmd: preprocess
  insize=3689 outsize=359 ok=1
Cmd: preprocess
  insize=11112 outsize=851 ok=1
Cmd: preprocess
  insize=4445 outsize=353 ok=1
Cmd: preprocess
  insize=3689 outsize=359 ok=1
Cmd: preprocess
  insize=4445 outsize=353 ok=1
Cmd: preprocess
  insize=11112 outsize=851 ok=1
Cmd: preprocess
  insize=811 outsize=209 ok=1
Cmd: preprocess
  insize=811 outsize=209 ok=1
Cmd: preprocess
  insize=811 outsize=209 ok=1
Cmd: preprocess
  insize=811 outsize=209 ok=1
Cmd: preprocess
  insize=811 outsize=209 ok=1
Cmd: preprocess
  insize=811 outsize=209 ok=1
Cmd: preprocess
  insize=811 outsize=209 ok=1
Cmd: preprocess
  insize=3384 outsize=356 ok=1
Cmd: preprocess
  insize=3689 outsize=359 ok=1
Cmd: preprocess
  insize=11112 outsize=851 ok=1
Cmd: preprocess
  insize=4445 outsize=353 ok=1
Cmd: preprocess
  insize=3689 outsize=359 ok=1
Cmd: preprocess
  insize=4445 outsize=353 ok=1
Cmd: preprocess
  insize=11112 outsize=851 ok=1
Cmd: preprocess
  insize=811 outsize=209 ok=1
Cmd: compileSnippet
  api=4 type=0 insize=1673 outsize=834 kw=UNITY_UI_ALPHACLIP pd=UNITY_ENABLE_REFLECTION_BUFFERS UNITY_USE_DITHER_MASK_FOR_ALPHABLENDED_SHADOWS UNITY_PBS_USE_BRDF1 UNITY_SPECCUBE_BOX_PROJECTION UNITY_SPECCUBE_BLENDING UNITY_ENABLE_DETAIL_NORMALMAP SHADER_API_DESKTOP UNITY_COLORSPACE_GAMMA UNITY_LIGHT_PROBE_PROXY_VOLUME UNITY_LIGHTMAP_FULL_HDR ok=1
